Using pre-set license
Built from '2020.3/china_unity/release' branch; Version is '2020.3.9f1c1 (ef65345766d1) revision 15689012'; Using compiler version '192528614'; Build Type 'Release'
OS: 'Windows 10 Home China; OS build 19042.1110; Version 2009; 64bit' Language: 'zh' Physical Memory: 8016 MB
BatchMode: 1, IsHumanControllingUs: 0, StartBugReporterOnCrash: 0, Is64bit: 1, IsPro: 0

 COMMAND LINE ARGUMENTS:
D:\Unity\2020.3.9f1c1\Editor\Unity.exe
-adb2
-batchMode
-noUpm
-name
AssetImportWorker0
-projectPath
D:/Unity/Unity Project/Rollerball
-logFile
Logs/AssetImportWorker0.log
-srvPort
56262
Successfully changed project path to: D:/Unity/Unity Project/Rollerball
D:/Unity/Unity Project/Rollerball
Using Asset Import Pipeline V2.
Refreshing native plugins compatible for Editor in 29.20 ms, found 1 plugins.
Preloading 0 native plugins for Editor in 0.00 ms.
Initialize engine version: 2020.3.9f1c1 (ef65345766d1)
[Subsystems] Discovering subsystems at path D:/Unity/2020.3.9f1c1/Editor/Data/Resources/UnitySubsystems
[Subsystems] Discovering subsystems at path D:/Unity/Unity Project/Rollerball/Assets
GfxDevice: creating device client; threaded=0
Direct3D:
    Version:  Direct3D 11.0 [level 11.1]
    Renderer: AMD Radeon R5 430 (ID=0x6611)
    Vendor:   
    VRAM:     2028 MB
    Driver:   27.20.11044.8003
Initialize mono
Mono path[0] = 'D:/Unity/2020.3.9f1c1/Editor/Data/Managed'
Mono path[1] = 'D:/Unity/2020.3.9f1c1/Editor/Data/MonoBleedingEdge/lib/mono/unityjit'
Mono config path = 'D:/Unity/2020.3.9f1c1/Editor/Data/MonoBleedingEdge/etc'
Using monoOptions --debugger-agent=transport=dt_socket,embedding=1,server=y,suspend=n,address=127.0.0.1:56480
Begin MonoManager ReloadAssembly
Registering precompiled unity dll's ...
Register platform support module: D:/Unity/2020.3.9f1c1/Editor/Data/PlaybackEngines/WebGLSupport/UnityEditor.WebGL.Extensions.dll
Register platform support module: D:/Unity/2020.3.9f1c1/Editor/Data/PlaybackEngines/WindowsStandaloneSupport/UnityEditor.WindowsStandalone.Extensions.dll
Registered in 0.001196 seconds.
Native extension for WindowsStandalone target not found
Native extension for WebGL target not found
Refreshing native plugins compatible for Editor in 28.43 ms, found 1 plugins.
Preloading 0 native plugins for Editor in 0.00 ms.
Mono: successfully reloaded assembly
- Completed reload, in  5.062 seconds
Platform modules already initialized, skipping
Registering precompiled user dll's ...
Registered in 0.002374 seconds.
Begin MonoManager ReloadAssembly
Native extension for WindowsStandalone target not found
Native extension for WebGL target not found
Refreshing native plugins compatible for Editor in 28.69 ms, found 1 plugins.
Preloading 0 native plugins for Editor in 0.00 ms.
Mono: successfully reloaded assembly
- Completed reload, in  1.564 seconds
Platform modules already initialized, skipping
========================================================================
Worker process is ready to serve import requests
Launched and connected shader compiler UnityShaderCompiler.exe after 0.33 seconds
Refreshing native plugins compatible for Editor in 0.34 ms, found 1 plugins.
Preloading 0 native plugins for Editor in 0.00 ms.
Unloading 1733 Unused Serialized files (Serialized files now loaded: 0)
System memory in use before: 85.4 MB.
System memory in use after: 85.5 MB.

Unloading 23 unused Assets to reduce memory usage. Loaded Objects now: 2164.
Total: 2.072300 ms (FindLiveObjects: 0.159400 ms CreateObjectMapping: 0.052300 ms MarkObjects: 1.803100 ms  DeleteObjects: 0.056600 ms)

========================================================================
Received Import Request.
  path: Assets/Scenes/Rollerball.unity
  artifactKey: Guid(e0beb2f0459725b48ba48bd10a01428c) Importer(815301076,1909f56bfc062723c751e8b465ee728b)
Start importing Assets/Scenes/Rollerball.unity using Guid(e0beb2f0459725b48ba48bd10a01428c) Importer(815301076,1909f56bfc062723c751e8b465ee728b)  -> (artifact id: '2940cfecd5d97f096c27605c532595d2') in 0.049633 seconds
  Import took 0.055338 seconds .

========================================================================
Received Import Request.
  Time since last request: 0.000914 seconds.
  path: Assets/TFModels/RollerBall.onnx
  artifactKey: Guid(ce643a9f97a9e4b47bd1ea234e5282b7) Importer(815301076,1909f56bfc062723c751e8b465ee728b)
Start importing Assets/TFModels/RollerBall.onnx using Guid(ce643a9f97a9e4b47bd1ea234e5282b7) Importer(815301076,1909f56bfc062723c751e8b465ee728b)  -> (artifact id: '3ae4b911c07061b0e97157759e8750ca') in 0.121825 seconds
  Import took 0.126349 seconds .

========================================================================
Received Prepare
Registering precompiled user dll's ...
Registered in 0.002408 seconds.
Begin MonoManager ReloadAssembly
Native extension for WindowsStandalone target not found
Native extension for WebGL target not found
Refreshing native plugins compatible for Editor in 0.34 ms, found 1 plugins.
Preloading 0 native plugins for Editor in 0.00 ms.
Mono: successfully reloaded assembly
- Completed reload, in  0.807 seconds
Platform modules already initialized, skipping
Refreshing native plugins compatible for Editor in 0.28 ms, found 1 plugins.
Preloading 0 native plugins for Editor in 0.00 ms.
Unloading 1727 Unused Serialized files (Serialized files now loaded: 0)
System memory in use before: 85.3 MB.
System memory in use after: 85.4 MB.

Unloading 17 unused Assets to reduce memory usage. Loaded Objects now: 2168.
Total: 2.049100 ms (FindLiveObjects: 0.138800 ms CreateObjectMapping: 0.047200 ms MarkObjects: 1.846900 ms  DeleteObjects: 0.015600 ms)

========================================================================
Received Prepare
Registering precompiled user dll's ...
Registered in 0.002404 seconds.
Begin MonoManager ReloadAssembly
Native extension for WindowsStandalone target not found
Native extension for WebGL target not found
Refreshing native plugins compatible for Editor in 0.34 ms, found 1 plugins.
Preloading 0 native plugins for Editor in 0.00 ms.
Mono: successfully reloaded assembly
- Completed reload, in  0.847 seconds
Platform modules already initialized, skipping
Refreshing native plugins compatible for Editor in 0.30 ms, found 1 plugins.
Preloading 0 native plugins for Editor in 0.00 ms.
Unloading 1727 Unused Serialized files (Serialized files now loaded: 0)
System memory in use before: 85.3 MB.
System memory in use after: 85.4 MB.

Unloading 17 unused Assets to reduce memory usage. Loaded Objects now: 2172.
Total: 2.061000 ms (FindLiveObjects: 0.135900 ms CreateObjectMapping: 0.047800 ms MarkObjects: 1.859000 ms  DeleteObjects: 0.017400 ms)

========================================================================
Received Import Request.
  Time since last request: 290.858129 seconds.
  path: Assets/Prefabs
  artifactKey: Guid(5b70d72c741ca734b9fc3ca017df1aa7) Importer(815301076,1909f56bfc062723c751e8b465ee728b)
Start importing Assets/Prefabs using Guid(5b70d72c741ca734b9fc3ca017df1aa7) Importer(815301076,1909f56bfc062723c751e8b465ee728b)  -> (artifact id: 'f64469885d114d8bffc2e910ea1bc4e5') in 0.008352 seconds
  Import took 0.026291 seconds .

========================================================================
Received Import Request.
  Time since last request: 2.256618 seconds.
  path: Assets/ML-Agents
  artifactKey: Guid(11630fa83cc8b4194b94352e3e6cdb9d) Importer(815301076,1909f56bfc062723c751e8b465ee728b)
Start importing Assets/ML-Agents using Guid(11630fa83cc8b4194b94352e3e6cdb9d) Importer(815301076,1909f56bfc062723c751e8b465ee728b)  -> (artifact id: 'f5a9c093f8704625f641610887d51f39') in 0.005330 seconds
  Import took 0.008003 seconds .

========================================================================
Received Import Request.
  Time since last request: 0.001819 seconds.
  path: Assets/ML-Agents
  artifactKey: Guid(11630fa83cc8b4194b94352e3e6cdb9d) Importer(815301076,1909f56bfc062723c751e8b465ee728b)
Start importing Assets/ML-Agents using Guid(11630fa83cc8b4194b94352e3e6cdb9d) Importer(815301076,1909f56bfc062723c751e8b465ee728b)  -> (artifact id: 'f5a9c093f8704625f641610887d51f39') in 0.001829 seconds
  Import took 0.004408 seconds .

========================================================================
Received Import Request.
  Time since last request: 0.729898 seconds.
  path: Assets/ML-Agents/Timers
  artifactKey: Guid(2dfe1da0fa9c18a4abdc81e4382e6f75) Importer(815301076,1909f56bfc062723c751e8b465ee728b)
Start importing Assets/ML-Agents/Timers using Guid(2dfe1da0fa9c18a4abdc81e4382e6f75) Importer(815301076,1909f56bfc062723c751e8b465ee728b)  -> (artifact id: '4a0cf163d82598c27dc391035a424b8a') in 0.006299 seconds
  Import took 0.009037 seconds .

========================================================================
Received Import Request.
  Time since last request: 3.219892 seconds.
  path: Assets/Resources
  artifactKey: Guid(951c850087acac742a8fd70b3bafa1b7) Importer(815301076,1909f56bfc062723c751e8b465ee728b)
Start importing Assets/Resources using Guid(951c850087acac742a8fd70b3bafa1b7) Importer(815301076,1909f56bfc062723c751e8b465ee728b)  -> (artifact id: 'a3dd9123cfe9019913865f39e6a53c73') in 0.005654 seconds
  Import took 0.008070 seconds .

========================================================================
Received Import Request.
  Time since last request: 1.278506 seconds.
  path: Assets/Resources/BillingMode.json
  artifactKey: Guid(bb4885ab248e32047a7e9c4744d7a548) Importer(815301076,1909f56bfc062723c751e8b465ee728b)
Start importing Assets/Resources/BillingMode.json using Guid(bb4885ab248e32047a7e9c4744d7a548) Importer(815301076,1909f56bfc062723c751e8b465ee728b)  -> (artifact id: '03a646d16fdf5b397fe109210f9fa0f7') in 0.013488 seconds
  Import took 0.016042 seconds .

========================================================================
Received Import Request.
  Time since last request: 0.008052 seconds.
  path: Assets/Resources/BillingMode.json
  artifactKey: Guid(bb4885ab248e32047a7e9c4744d7a548) Importer(815301076,1909f56bfc062723c751e8b465ee728b)
Start importing Assets/Resources/BillingMode.json using Guid(bb4885ab248e32047a7e9c4744d7a548) Importer(815301076,1909f56bfc062723c751e8b465ee728b)  -> (artifact id: '03a646d16fdf5b397fe109210f9fa0f7') in 0.002151 seconds
  Import took 0.005156 seconds .

========================================================================
Received Import Request.
  Time since last request: 35.558509 seconds.
  path: Packages/com.unity.ml-agents.extensions/Editor/Input/Unity.ML-Agents.Extensions.Editor.Input.asmdef
  artifactKey: Guid(4851f2d02f9f1423a8593f60b1a9cd7e) Importer(815301076,1909f56bfc062723c751e8b465ee728b)
Start importing Packages/com.unity.ml-agents.extensions/Editor/Input/Unity.ML-Agents.Extensions.Editor.Input.asmdef using Guid(4851f2d02f9f1423a8593f60b1a9cd7e) Importer(815301076,1909f56bfc062723c751e8b465ee728b)  -> (artifact id: 'a603b720cc2b4dc864fd12da4e0ae496') in 0.027384 seconds
  Import took 0.030328 seconds .

========================================================================
Received Import Request.
  Time since last request: 1.096208 seconds.
  path: Packages/com.unity.ml-agents.extensions/Runtime/Unity.ML-Agents.Extensions.asmdef
  artifactKey: Guid(0234213bbb9574f66bb4d93920cc6bb7) Importer(815301076,1909f56bfc062723c751e8b465ee728b)
Start importing Packages/com.unity.ml-agents.extensions/Runtime/Unity.ML-Agents.Extensions.asmdef using Guid(0234213bbb9574f66bb4d93920cc6bb7) Importer(815301076,1909f56bfc062723c751e8b465ee728b)  -> (artifact id: 'fee53d9d7e8a78eaf511733fe8293d0a') in 0.005100 seconds
  Import took 0.007685 seconds .

========================================================================
Received Import Request.
  Time since last request: 1.903383 seconds.
  path: Packages/com.unity.ml-agents.extensions/Runtime/Input
  artifactKey: Guid(1694e881b9ec420ba1c201f0612392d6) Importer(815301076,1909f56bfc062723c751e8b465ee728b)
Start importing Packages/com.unity.ml-agents.extensions/Runtime/Input using Guid(1694e881b9ec420ba1c201f0612392d6) Importer(815301076,1909f56bfc062723c751e8b465ee728b)  -> (artifact id: '066ab48ac3e73e589e0a12775804fb32') in 0.008174 seconds
  Import took 0.010580 seconds .

========================================================================
Received Import Request.
  Time since last request: 0.068077 seconds.
  path: Packages/com.unity.ml-agents.extensions/Runtime/Input/Unity.ML-Agents.Extensions.Input.asmdef
  artifactKey: Guid(a7b0d999fb2a7493a85c4c7017412530) Importer(815301076,1909f56bfc062723c751e8b465ee728b)
Start importing Packages/com.unity.ml-agents.extensions/Runtime/Input/Unity.ML-Agents.Extensions.Input.asmdef using Guid(a7b0d999fb2a7493a85c4c7017412530) Importer(815301076,1909f56bfc062723c751e8b465ee728b)  -> (artifact id: '0c4fd32fe2d26370e0ea4ecb7ff8441e') in 0.008795 seconds
  Import took 0.012983 seconds .

========================================================================
Received Prepare
Registering precompiled user dll's ...
Registered in 0.002446 seconds.
Begin MonoManager ReloadAssembly
Native extension for WindowsStandalone target not found
Native extension for WebGL target not found
Refreshing native plugins compatible for Editor in 0.46 ms, found 1 plugins.
Preloading 0 native plugins for Editor in 0.00 ms.
Mono: successfully reloaded assembly
- Completed reload, in  0.800 seconds
Platform modules already initialized, skipping
Refreshing native plugins compatible for Editor in 0.32 ms, found 1 plugins.
Preloading 0 native plugins for Editor in 0.00 ms.
Unloading 1727 Unused Serialized files (Serialized files now loaded: 0)
System memory in use before: 85.4 MB.
System memory in use after: 85.5 MB.

Unloading 17 unused Assets to reduce memory usage. Loaded Objects now: 2176.
Total: 1.832600 ms (FindLiveObjects: 0.148300 ms CreateObjectMapping: 0.053600 ms MarkObjects: 1.614200 ms  DeleteObjects: 0.015700 ms)

========================================================================
Received Import Request.
  Time since last request: 700.296617 seconds.
  path: Assets/Materials/White.mat
  artifactKey: Guid(eaad04b0e0dec42229c9cb00a981d7ac) Importer(815301076,1909f56bfc062723c751e8b465ee728b)
Start importing Assets/Materials/White.mat using Guid(eaad04b0e0dec42229c9cb00a981d7ac) Importer(815301076,1909f56bfc062723c751e8b465ee728b)  -> (artifact id: '188a52e76e32f010a93c8b209b728e8b') in 1.027280 seconds
  Import took 1.057216 seconds .

========================================================================
Received Import Request.
  Time since last request: 0.008769 seconds.
  path: Assets/Materials/UIDefault.mat
  artifactKey: Guid(463606e709fd24f29ac1096d0aade647) Importer(815301076,1909f56bfc062723c751e8b465ee728b)
Start importing Assets/Materials/UIDefault.mat using Guid(463606e709fd24f29ac1096d0aade647) Importer(815301076,1909f56bfc062723c751e8b465ee728b)  -> (artifact id: 'c212e6c24e6b2613e99d5d81bc49a24d') in 0.048844 seconds
  Import took 0.051852 seconds .

========================================================================
Received Import Request.
  Time since last request: 0.000335 seconds.
  path: Assets/Materials/Outline.mat
  artifactKey: Guid(ed61fc8f39c7640afacb9c268a73983c) Importer(815301076,1909f56bfc062723c751e8b465ee728b)
Start importing Assets/Materials/Outline.mat using Guid(ed61fc8f39c7640afacb9c268a73983c) Importer(815301076,1909f56bfc062723c751e8b465ee728b)  -> (artifact id: '1e3f99062b6ba58ab40326845cfc1a8d') in 0.016121 seconds
  Import took 0.018737 seconds .

========================================================================
Received Import Request.
  Time since last request: 0.000302 seconds.
  path: Assets/Materials/LightRed.mat
  artifactKey: Guid(a1daf31cdf41e484ca9ac33a5c6f524a) Importer(815301076,1909f56bfc062723c751e8b465ee728b)
Start importing Assets/Materials/LightRed.mat using Guid(a1daf31cdf41e484ca9ac33a5c6f524a) Importer(815301076,1909f56bfc062723c751e8b465ee728b)  -> (artifact id: '111e32cc81db23fd6763c389cbf9d98a') in 0.027324 seconds
  Import took 0.030149 seconds .

========================================================================
Received Import Request.
  Time since last request: 0.000408 seconds.
  path: Assets/Materials/LightGreen.mat
  artifactKey: Guid(df32cc593804f42df97464dc455057b8) Importer(815301076,1909f56bfc062723c751e8b465ee728b)
Start importing Assets/Materials/LightGreen.mat using Guid(df32cc593804f42df97464dc455057b8) Importer(815301076,1909f56bfc062723c751e8b465ee728b)  -> (artifact id: '00f78d78cfe57f863d07beaffed1627a') in 0.031295 seconds
  Import took 0.034342 seconds .

========================================================================
Received Import Request.
  Time since last request: 0.000427 seconds.
  path: Assets/Materials/LogoSymbol.mat
  artifactKey: Guid(3825ef6e3f8624bc5934d59be09c0c92) Importer(815301076,1909f56bfc062723c751e8b465ee728b)
Start importing Assets/Materials/LogoSymbol.mat using Guid(3825ef6e3f8624bc5934d59be09c0c92) Importer(815301076,1909f56bfc062723c751e8b465ee728b)  -> (artifact id: '8fd2983e63f1a633fc008c953e5365f7') in 0.216001 seconds
  Import took 0.244442 seconds .

========================================================================
Received Import Request.
  Time since last request: 0.000341 seconds.
  path: Assets/Materials/GridMatMoveable.mat
  artifactKey: Guid(b26f66bd59d534f92a03ca870ae19724) Importer(815301076,1909f56bfc062723c751e8b465ee728b)
Start importing Assets/Materials/GridMatMoveable.mat using Guid(b26f66bd59d534f92a03ca870ae19724) Importer(815301076,1909f56bfc062723c751e8b465ee728b)  -> (artifact id: 'd893980265b490401c8865be74fcb0c5') in 0.197747 seconds
  Import took 0.212351 seconds .

========================================================================
Received Import Request.
  Time since last request: 0.000322 seconds.
  path: Assets/Materials/GridMatHallway.mat
  artifactKey: Guid(d3855c73a8adc453f89d8df66068f21f) Importer(815301076,1909f56bfc062723c751e8b465ee728b)
Start importing Assets/Materials/GridMatHallway.mat using Guid(d3855c73a8adc453f89d8df66068f21f) Importer(815301076,1909f56bfc062723c751e8b465ee728b)  -> (artifact id: '80829e54f72d0f96ffa6cb0e141896dc') in 0.026244 seconds
  Import took 0.029128 seconds .

========================================================================
Received Import Request.
  Time since last request: 0.000347 seconds.
  path: Assets/Materials/Yellow.mat
  artifactKey: Guid(52eab8ab5010f438fab93da85735ba1d) Importer(815301076,1909f56bfc062723c751e8b465ee728b)
Start importing Assets/Materials/Yellow.mat using Guid(52eab8ab5010f438fab93da85735ba1d) Importer(815301076,1909f56bfc062723c751e8b465ee728b)  -> (artifact id: '6a9800d266566451bcbacb95517a8340') in 0.066039 seconds
  Import took 0.068699 seconds .

========================================================================
Received Import Request.
  Time since last request: 0.000315 seconds.
  path: Assets/Materials/Headband.mat
  artifactKey: Guid(04be259c590de46f69db4cbd1da877d5) Importer(815301076,1909f56bfc062723c751e8b465ee728b)
Start importing Assets/Materials/Headband.mat using Guid(04be259c590de46f69db4cbd1da877d5) Importer(815301076,1909f56bfc062723c751e8b465ee728b)  -> (artifact id: '2de1b2591c90dffaba84bec13dcd53c7') in 0.013539 seconds
  Import took 0.015954 seconds .

========================================================================
Received Import Request.
  Time since last request: 0.000293 seconds.
  path: Assets/Materials/Purple.mat
  artifactKey: Guid(ff14134b548ad4790809bd7ffdffbf32) Importer(815301076,1909f56bfc062723c751e8b465ee728b)
Start importing Assets/Materials/Purple.mat using Guid(ff14134b548ad4790809bd7ffdffbf32) Importer(815301076,1909f56bfc062723c751e8b465ee728b)  -> (artifact id: 'e73803a7befa8c76dd6f76fbbb7401b3') in 0.018147 seconds
  Import took 0.020679 seconds .

========================================================================
Received Import Request.
  Time since last request: 0.000349 seconds.
  path: Assets/Materials/Net.mat
  artifactKey: Guid(daad6e777b6e99a46bbcded7cf6816ee) Importer(815301076,1909f56bfc062723c751e8b465ee728b)
Start importing Assets/Materials/Net.mat using Guid(daad6e777b6e99a46bbcded7cf6816ee) Importer(815301076,1909f56bfc062723c751e8b465ee728b)  -> (artifact id: 'c46e3b10d987f60866a701b246d8c8cd') in 0.148675 seconds
  Import took 0.151123 seconds .

========================================================================
Received Import Request.
  Time since last request: 0.000274 seconds.
  path: Assets/Materials/Green.mat
  artifactKey: Guid(c67450f290f3e4897bc40276a619e78d) Importer(815301076,1909f56bfc062723c751e8b465ee728b)
Start importing Assets/Materials/Green.mat using Guid(c67450f290f3e4897bc40276a619e78d) Importer(815301076,1909f56bfc062723c751e8b465ee728b)  -> (artifact id: 'dc883a2e0ffbee5a200626b809f1bd12') in 0.012131 seconds
  Import took 0.014492 seconds .

========================================================================
Received Import Request.
  Time since last request: 0.000335 seconds.
  path: Assets/Materials/GridMat.mat
  artifactKey: Guid(dc7340babc47c45c987fee58e013ed3f) Importer(815301076,1909f56bfc062723c751e8b465ee728b)
Start importing Assets/Materials/GridMat.mat using Guid(dc7340babc47c45c987fee58e013ed3f) Importer(815301076,1909f56bfc062723c751e8b465ee728b)  -> (artifact id: 'e2c6a59cfef30868cc87e89cd0fb7e59') in 0.017505 seconds
  Import took 0.020230 seconds .

========================================================================
Received Import Request.
  Time since last request: 0.000365 seconds.
  path: Assets/Materials/GridMatBall.mat
  artifactKey: Guid(2e687a6242afc4a7e993fec6042518a9) Importer(815301076,1909f56bfc062723c751e8b465ee728b)
Start importing Assets/Materials/GridMatBall.mat using Guid(2e687a6242afc4a7e993fec6042518a9) Importer(815301076,1909f56bfc062723c751e8b465ee728b)  -> (artifact id: '0af05913bd7f925e81914423c61c133f') in 0.014374 seconds
  Import took 0.017106 seconds .

========================================================================
Received Import Request.
  Time since last request: 0.000331 seconds.
  path: Assets/Materials/GrayMiddle.mat
  artifactKey: Guid(66163cf35956a4be08e801b750c26f33) Importer(815301076,1909f56bfc062723c751e8b465ee728b)
Start importing Assets/Materials/GrayMiddle.mat using Guid(66163cf35956a4be08e801b750c26f33) Importer(815301076,1909f56bfc062723c751e8b465ee728b)  -> (artifact id: '82d728dd527b6d624ccbc4a6f7c78f15') in 0.200948 seconds
  Import took 0.203317 seconds .

========================================================================
Received Import Request.
  Time since last request: 0.000338 seconds.
  path: Assets/Materials/Door.mat
  artifactKey: Guid(daf629e39cc0f4521b64c93cd9604da9) Importer(815301076,1909f56bfc062723c751e8b465ee728b)
Start importing Assets/Materials/Door.mat using Guid(daf629e39cc0f4521b64c93cd9604da9) Importer(815301076,1909f56bfc062723c751e8b465ee728b)  -> (artifact id: 'bee67941d556bf391534fc670373483e') in 0.019688 seconds
  Import took 0.022006 seconds .

========================================================================
Received Import Request.
  Time since last request: 0.000324 seconds.
  path: Assets/Materials/Eye.mat
  artifactKey: Guid(f731be6866ce749fd8349e67ae81f76a) Importer(815301076,1909f56bfc062723c751e8b465ee728b)
Start importing Assets/Materials/Eye.mat using Guid(f731be6866ce749fd8349e67ae81f76a) Importer(815301076,1909f56bfc062723c751e8b465ee728b)  -> (artifact id: '3bc71019f1000a995709c4ec73217c66') in 0.024114 seconds
  Import took 0.026570 seconds .

========================================================================
Received Import Request.
  Time since last request: 0.000346 seconds.
  path: Assets/Materials/GridMatFloor.mat
  artifactKey: Guid(acba6bf2a290a496bb8989b42bf8698d) Importer(815301076,1909f56bfc062723c751e8b465ee728b)
Start importing Assets/Materials/GridMatFloor.mat using Guid(acba6bf2a290a496bb8989b42bf8698d) Importer(815301076,1909f56bfc062723c751e8b465ee728b)  -> (artifact id: '147ad4d9b92f317d4c46e6fbf29b0571') in 0.013912 seconds
  Import took 0.017565 seconds .

========================================================================
Received Import Request.
  Time since last request: 0.000524 seconds.
  path: Assets/Materials/Orange.mat
  artifactKey: Guid(5c59bd36def9a4684be49a21cf201a2d) Importer(815301076,1909f56bfc062723c751e8b465ee728b)
Start importing Assets/Materials/Orange.mat using Guid(5c59bd36def9a4684be49a21cf201a2d) Importer(815301076,1909f56bfc062723c751e8b465ee728b)  -> (artifact id: '59aab8330972e4ae466fa5d9a3fc7603') in 0.010716 seconds
  Import took 0.013733 seconds .

========================================================================
Received Import Request.
  Time since last request: 0.000305 seconds.
  path: Assets/Materials/Red.mat
  artifactKey: Guid(88b9ae7af2c1748a0a1f63407587a601) Importer(815301076,1909f56bfc062723c751e8b465ee728b)
Start importing Assets/Materials/Red.mat using Guid(88b9ae7af2c1748a0a1f63407587a601) Importer(815301076,1909f56bfc062723c751e8b465ee728b)  -> (artifact id: 'b13327edbfc0cac2d18527cd57c152a0') in 0.010177 seconds
  Import took 0.012644 seconds .

========================================================================
Received Import Request.
  Time since last request: 0.000321 seconds.
  path: Assets/Materials/LightGrey.mat
  artifactKey: Guid(6fdf8e49597ff42648c9e99d7ecfc005) Importer(815301076,1909f56bfc062723c751e8b465ee728b)
Start importing Assets/Materials/LightGrey.mat using Guid(6fdf8e49597ff42648c9e99d7ecfc005) Importer(815301076,1909f56bfc062723c751e8b465ee728b)  -> (artifact id: '49b957637adbb7e93055294c2b6eb58d') in 0.011460 seconds
  Import took 0.013968 seconds .

========================================================================
Received Import Request.
  Time since last request: 54.810979 seconds.
  path: Assets/Materials/AgentBlue.mat
  artifactKey: Guid(c9fa44c2c3f8ce74ca39a3355ea42631) Importer(815301076,1909f56bfc062723c751e8b465ee728b)
Start importing Assets/Materials/AgentBlue.mat using Guid(c9fa44c2c3f8ce74ca39a3355ea42631) Importer(815301076,1909f56bfc062723c751e8b465ee728b)  -> (artifact id: '1472fe8842b8ca5a42ed1f0f87f4ae31') in 0.030795 seconds
  Import took 0.033883 seconds .

========================================================================
Received Import Request.
  Time since last request: 0.000246 seconds.
  path: Assets/Materials/Checkers_Ball.mat
  artifactKey: Guid(cf2a3769e6d5446698f2e3f5aab68915) Importer(815301076,1909f56bfc062723c751e8b465ee728b)
Start importing Assets/Materials/Checkers_Ball.mat using Guid(cf2a3769e6d5446698f2e3f5aab68915) Importer(815301076,1909f56bfc062723c751e8b465ee728b)  -> (artifact id: 'c27b29626b0050f60db3d5290c6b6812') in 0.020434 seconds
  Import took 0.023010 seconds .

========================================================================
Received Import Request.
  Time since last request: 0.000315 seconds.
  path: Assets/Materials/BallMat.mat
  artifactKey: Guid(bbb71e91b4d8a44999b1f690a488dc5a) Importer(815301076,1909f56bfc062723c751e8b465ee728b)
Start importing Assets/Materials/BallMat.mat using Guid(bbb71e91b4d8a44999b1f690a488dc5a) Importer(815301076,1909f56bfc062723c751e8b465ee728b)  -> (artifact id: '9007daa0a40051b2764067847ab0e4d3') in 0.016924 seconds
  Import took 0.019660 seconds .

========================================================================
Received Import Request.
  Time since last request: 0.000338 seconds.
  path: Assets/Materials/AgentBlue.mat
  artifactKey: Guid(c9fa44c2c3f8ce74ca39a3355ea42631) Importer(815301076,1909f56bfc062723c751e8b465ee728b)
Start importing Assets/Materials/AgentBlue.mat using Guid(c9fa44c2c3f8ce74ca39a3355ea42631) Importer(815301076,1909f56bfc062723c751e8b465ee728b)  -> (artifact id: '1472fe8842b8ca5a42ed1f0f87f4ae31') in 0.010220 seconds
  Import took 0.012788 seconds .

========================================================================
Received Import Request.
  Time since last request: 0.000339 seconds.
  path: Assets/Materials/Black.mat
  artifactKey: Guid(69fefdd39d2b34b169e921910bed9c0d) Importer(815301076,1909f56bfc062723c751e8b465ee728b)
Start importing Assets/Materials/Black.mat using Guid(69fefdd39d2b34b169e921910bed9c0d) Importer(815301076,1909f56bfc062723c751e8b465ee728b)  -> (artifact id: '94c9c4f84be50d2160a2a3bb9b670707') in 0.020268 seconds
  Import took 0.022832 seconds .

========================================================================
Received Import Request.
  Time since last request: 0.000349 seconds.
  path: Assets/Materials/AgentPurple.mat
  artifactKey: Guid(b0da1813c36914e678ba57f2790424e1) Importer(815301076,1909f56bfc062723c751e8b465ee728b)
Start importing Assets/Materials/AgentPurple.mat using Guid(b0da1813c36914e678ba57f2790424e1) Importer(815301076,1909f56bfc062723c751e8b465ee728b)  -> (artifact id: '6752f3f91b063510d08ce73c16ca26bb') in 0.012510 seconds
  Import took 0.023932 seconds .

========================================================================
Received Import Request.
  Time since last request: 0.000325 seconds.
  path: Assets/Materials/Checkers_Gray.mat
  artifactKey: Guid(36c7baa347d68f347a9aa9698aa1bcdd) Importer(815301076,1909f56bfc062723c751e8b465ee728b)
Start importing Assets/Materials/Checkers_Gray.mat using Guid(36c7baa347d68f347a9aa9698aa1bcdd) Importer(815301076,1909f56bfc062723c751e8b465ee728b)  -> (artifact id: 'ae6d13d8997d437d8b05606133d5b0ef') in 0.256265 seconds
  Import took 0.258790 seconds .

========================================================================
Received Import Request.
  Time since last request: 0.000325 seconds.
  path: Assets/Materials/Black.mat
  artifactKey: Guid(69fefdd39d2b34b169e921910bed9c0d) Importer(815301076,1909f56bfc062723c751e8b465ee728b)
Start importing Assets/Materials/Black.mat using Guid(69fefdd39d2b34b169e921910bed9c0d) Importer(815301076,1909f56bfc062723c751e8b465ee728b)  -> (artifact id: '94c9c4f84be50d2160a2a3bb9b670707') in 0.006782 seconds
  Import took 0.009512 seconds .

========================================================================
Received Import Request.
  Time since last request: 0.000316 seconds.
  path: Assets/Materials/Brown.mat
  artifactKey: Guid(16fb7514bd09f43f8ae773b97bf3819d) Importer(815301076,1909f56bfc062723c751e8b465ee728b)
Start importing Assets/Materials/Brown.mat using Guid(16fb7514bd09f43f8ae773b97bf3819d) Importer(815301076,1909f56bfc062723c751e8b465ee728b)  -> (artifact id: 'a6c190b226174ef61fbe1c5c2658864f') in 0.016546 seconds
  Import took 0.019222 seconds .

========================================================================
Received Prepare
Registering precompiled user dll's ...
Registered in 0.002395 seconds.
Begin MonoManager ReloadAssembly
Native extension for WindowsStandalone target not found
Native extension for WebGL target not found
Refreshing native plugins compatible for Editor in 0.38 ms, found 1 plugins.
Preloading 0 native plugins for Editor in 0.00 ms.
Mono: successfully reloaded assembly
- Completed reload, in  0.838 seconds
Platform modules already initialized, skipping
Refreshing native plugins compatible for Editor in 0.67 ms, found 1 plugins.
Preloading 0 native plugins for Editor in 0.00 ms.
Unloading 1730 Unused Serialized files (Serialized files now loaded: 0)
System memory in use before: 90.9 MB.
System memory in use after: 90.7 MB.

Unloading 19 unused Assets to reduce memory usage. Loaded Objects now: 2226.
Total: 2.241200 ms (FindLiveObjects: 0.162200 ms CreateObjectMapping: 0.052400 ms MarkObjects: 1.767800 ms  DeleteObjects: 0.257800 ms)

========================================================================
Received Import Request.
  Time since last request: 185.273859 seconds.
  path: Assets/Prefabs/RollerAgent.prefab
  artifactKey: Guid(07fc702aa19896c4ba9abe470b2e28ac) Importer(815301076,1909f56bfc062723c751e8b465ee728b)
Start importing Assets/Prefabs/RollerAgent.prefab using Guid(07fc702aa19896c4ba9abe470b2e28ac) Importer(815301076,1909f56bfc062723c751e8b465ee728b)  -> (artifact id: 'e703eb6d79a77f119f264d5464274c0f') in 0.110473 seconds
  Import took 0.113279 seconds .

========================================================================
Received Prepare
Registering precompiled user dll's ...
Registered in 0.002705 seconds.
Begin MonoManager ReloadAssembly
Native extension for WindowsStandalone target not found
Native extension for WebGL target not found
Refreshing native plugins compatible for Editor in 0.34 ms, found 1 plugins.
Preloading 0 native plugins for Editor in 0.00 ms.
Mono: successfully reloaded assembly
- Completed reload, in  0.808 seconds
Platform modules already initialized, skipping
Refreshing native plugins compatible for Editor in 0.34 ms, found 1 plugins.
Preloading 0 native plugins for Editor in 0.00 ms.
Unloading 1728 Unused Serialized files (Serialized files now loaded: 0)
System memory in use before: 91.6 MB.
System memory in use after: 91.5 MB.

Unloading 18 unused Assets to reduce memory usage. Loaded Objects now: 2232.
Total: 2.279700 ms (FindLiveObjects: 0.154500 ms CreateObjectMapping: 0.052100 ms MarkObjects: 1.855100 ms  DeleteObjects: 0.217200 ms)

========================================================================
Received Prepare
Registering precompiled user dll's ...
Registered in 0.003768 seconds.
Begin MonoManager ReloadAssembly
Native extension for WindowsStandalone target not found
Native extension for WebGL target not found
Refreshing native plugins compatible for Editor in 0.34 ms, found 1 plugins.
Preloading 0 native plugins for Editor in 0.00 ms.
Mono: successfully reloaded assembly
- Completed reload, in  0.808 seconds
Platform modules already initialized, skipping
Refreshing native plugins compatible for Editor in 0.34 ms, found 1 plugins.
Preloading 0 native plugins for Editor in 0.00 ms.
Unloading 1728 Unused Serialized files (Serialized files now loaded: 0)
System memory in use before: 91.6 MB.
System memory in use after: 91.5 MB.

Unloading 18 unused Assets to reduce memory usage. Loaded Objects now: 2236.
Total: 2.314700 ms (FindLiveObjects: 0.175400 ms CreateObjectMapping: 0.059400 ms MarkObjects: 1.860400 ms  DeleteObjects: 0.218700 ms)

